<?xml version="1.0" encoding="UTF-8"?>
<testsuite name="com.psc.j211.test" tests="1" skipped="0" failures="0" errors="0" timestamp="2022-07-21T12:34:54" hostname="chayeonghos-Air" time="0.054">
  <properties/>
  <testcase name="git action 테스트" classname="com.psc.j211.test" time="0.054"/>
  <system-out><![CDATA[21:34:54.976 [Test worker] INFO com.psc.j211.test - 테스트 실행되었음
]]></system-out>
  <system-err><![CDATA[]]></system-err>
</testsuite>
